<?xml version="1.0" encoding="UTF-8"?>
<testsuite name="MethodTests" tests="4" skipped="0" failures="0" errors="0" timestamp="2021-05-08T01:39:08" hostname="tamtams-mbp" time="0.043">
  <properties/>
  <testcase name="testCustomerWithdraw" classname="MethodTests" time="0.005"/>
  <testcase name="testCustomerDeposit" classname="MethodTests" time="0.0"/>
  <testcase name="testDepositPrinting" classname="MethodTests" time="0.036"/>
  <testcase name="testWithdrawPrinting" classname="MethodTests" time="0.001"/>
  <system-out><![CDATA[]]></system-out>
  <system-err><![CDATA[]]></system-err>
</testsuite>
